<?xml version="1.0" encoding="UTF-8"?>
<!-- Generated by org.testng.reporters.JUnitReportReporter -->
<testsuite hostname="DESKTOP-HSEI9NM" name="mvn.Testtestng" tests="1" failures="0" timestamp="10 Jun 2019 12:13:21 GMT" time="15.393" errors="0">
  <testcase name="m1" time="15.393" classname="mvn.Testtestng"/>
</testsuite> <!-- mvn.Testtestng -->
